<?xml version="1.0" encoding="UTF-8"?>
<testng-results ignored="0" total="1" passed="1" failed="0" skipped="0">
  <reporter-output>
  </reporter-output>
  <suite started-at="2023-07-07T08:52:52 GST" name="Suite" finished-at="2023-07-07T08:52:52 GST" duration-ms="249">
    <groups>
    </groups>
    <test started-at="2023-07-07T08:52:52 GST" name="Test" finished-at="2023-07-07T08:52:52 GST" duration-ms="249">
      <class name="Demo.Demo1Test">
        <test-method signature="sample()[pri:0, instance:Demo.Demo1Test@20deea7f]" started-at="2023-07-07T08:52:52 GST" name="sample" finished-at="2023-07-07T08:52:52 GST" duration-ms="60" status="PASS">
          <reporter-output>
          </reporter-output>
        </test-method> <!-- sample -->
      </class> <!-- Demo.Demo1Test -->
    </test> <!-- Test -->
  </suite> <!-- Suite -->
</testng-results>
